{
  "stats": {
    "suites": 1,
    "tests": 2,
    "passes": 2,
    "pending": 0,
    "failures": 0,
    "start": "2023-10-29T18:12:12.670Z",
    "end": "2023-10-29T18:12:13.321Z",
    "duration": 651,
    "testsRegistered": 2,
    "passPercent": 100,
    "pendingPercent": 0,
    "other": 0,
    "hasOther": false,
    "skipped": 0,
    "hasSkipped": false
  },
  "results": [
    {
      "uuid": "a4f26134-455a-4024-ac58-d7ff8d830fb4",
      "title": "",
      "fullFile": "cypress/e2e/features/get/02_get_todos.feature",
      "file": "cypress/e2e/features/get/02_get_todos.feature",
      "beforeHooks": [],
      "afterHooks": [],
      "tests": [],
      "suites": [
        {
          "uuid": "d873bbac-9de7-4dbc-9ec0-3eadcbedf422",
          "title": "Gorest Todos Get Requests",
          "fullFile": "",
          "file": "",
          "beforeHooks": [],
          "afterHooks": [],
          "tests": [
            {
              "title": "Gorest Todos GET Request without filtering",
              "fullTitle": "Gorest Todos Get Requests Gorest Todos GET Request without filtering",
              "timedOut": null,
              "duration": 305,
              "state": "passed",
              "speed": "fast",
              "pass": true,
              "fail": false,
              "pending": false,
              "context": null,
              "code": "const state = window.testState;\nreturn cy\n  .then(() => state.onStartScenario(scenario, indexedSteps))\n  .then(() =>\n    resolveAndRunBeforeHooks.call(this, scenario.tags, state.feature.name)\n  )\n  .then(() =>\n    indexedSteps.forEach((step) =>\n      stepTest.call(this, state, step, rowData)\n    )\n  )\n  .then(() => state.onFinishScenario(scenario));",
              "err": {},
              "uuid": "de89ad20-8a61-4fbe-ad8e-4894e73b7f04",
              "parentUUID": "d873bbac-9de7-4dbc-9ec0-3eadcbedf422",
              "isHook": false,
              "skipped": false
            },
            {
              "title": "Gorest Todos GET Request with ID",
              "fullTitle": "Gorest Todos Get Requests Gorest Todos GET Request with ID",
              "timedOut": null,
              "duration": 292,
              "state": "passed",
              "speed": "fast",
              "pass": true,
              "fail": false,
              "pending": false,
              "context": null,
              "code": "const state = window.testState;\nreturn cy\n  .then(() => state.onStartScenario(scenario, indexedSteps))\n  .then(() =>\n    resolveAndRunBeforeHooks.call(this, scenario.tags, state.feature.name)\n  )\n  .then(() =>\n    indexedSteps.forEach((step) =>\n      stepTest.call(this, state, step, rowData)\n    )\n  )\n  .then(() => state.onFinishScenario(scenario));",
              "err": {},
              "uuid": "17922005-b34c-4936-aa2c-098d5fabc631",
              "parentUUID": "d873bbac-9de7-4dbc-9ec0-3eadcbedf422",
              "isHook": false,
              "skipped": false
            }
          ],
          "suites": [],
          "passes": [
            "de89ad20-8a61-4fbe-ad8e-4894e73b7f04",
            "17922005-b34c-4936-aa2c-098d5fabc631"
          ],
          "failures": [],
          "pending": [],
          "skipped": [],
          "duration": 597,
          "root": false,
          "rootEmpty": false,
          "_timeout": 2000
        }
      ],
      "passes": [],
      "failures": [],
      "pending": [],
      "skipped": [],
      "duration": 0,
      "root": true,
      "rootEmpty": true,
      "_timeout": 2000
    }
  ],
  "meta": {
    "mocha": {
      "version": "7.0.1"
    },
    "mochawesome": {
      "options": {
        "quiet": false,
        "reportFilename": "[status]_[datetime]-[name]-report",
        "saveHtml": true,
        "saveJson": true,
        "consoleReporter": "spec",
        "useInlineDiffs": false,
        "code": true
      },
      "version": "7.1.3"
    },
    "marge": {
      "options": {
        "reportDir": "cypress/reports",
        "reportFilename": "[status]_[datetime]-[name]-report",
        "overwrite": true,
        "saveJson": true,
        "saveHtml": true,
        "timestamp": "longDate"
      },
      "version": "6.2.0"
    }
  }
}