{
  "stats": {
    "suites": 1,
    "tests": 5,
    "passes": 5,
    "pending": 0,
    "failures": 0,
    "start": "2023-11-05T13:52:39.425Z",
    "end": "2023-11-05T13:52:41.782Z",
    "duration": 2357,
    "testsRegistered": 5,
    "passPercent": 100,
    "pendingPercent": 0,
    "other": 0,
    "hasOther": false,
    "skipped": 0,
    "hasSkipped": false
  },
  "results": [
    {
      "uuid": "d3d8e499-4890-41bd-a6a6-4d65d87a1b03",
      "title": "",
      "fullFile": "cypress/e2e/features/get/01_get_user.feature",
      "file": "cypress/e2e/features/get/01_get_user.feature",
      "beforeHooks": [],
      "afterHooks": [],
      "tests": [],
      "suites": [
        {
          "uuid": "8fd25b04-5544-4289-875a-2318e080db84",
          "title": "Gorest User Get Requests",
          "fullFile": "",
          "file": "",
          "beforeHooks": [],
          "afterHooks": [],
          "tests": [
            {
              "title": "Gorest User GET Request without filtering",
              "fullTitle": "Gorest User Get Requests Gorest User GET Request without filtering",
              "timedOut": null,
              "duration": 1053,
              "state": "passed",
              "speed": "fast",
              "pass": true,
              "fail": false,
              "pending": false,
              "context": null,
              "code": "const state = window.testState;\nreturn cy\n  .then(() => state.onStartScenario(scenario, indexedSteps))\n  .then(() =>\n    resolveAndRunBeforeHooks.call(this, scenario.tags, state.feature.name)\n  )\n  .then(() =>\n    indexedSteps.forEach((step) =>\n      stepTest.call(this, state, step, rowData)\n    )\n  )\n  .then(() => state.onFinishScenario(scenario));",
              "err": {},
              "uuid": "b6142a36-69e2-47b3-8e27-7df47e981600",
              "parentUUID": "8fd25b04-5544-4289-875a-2318e080db84",
              "isHook": false,
              "skipped": false
            },
            {
              "title": "Gorest User GET Request by ID (example #1)",
              "fullTitle": "Gorest User Get Requests Gorest User GET Request by ID (example #1)",
              "timedOut": null,
              "duration": 330,
              "state": "passed",
              "speed": "fast",
              "pass": true,
              "fail": false,
              "pending": false,
              "context": null,
              "code": "const state = window.testState;\nreturn cy\n  .then(() => state.onStartScenario(scenario, indexedSteps))\n  .then(() =>\n    resolveAndRunBeforeHooks.call(this, scenario.tags, state.feature.name)\n  )\n  .then(() =>\n    indexedSteps.forEach((step) =>\n      stepTest.call(this, state, step, rowData)\n    )\n  )\n  .then(() => state.onFinishScenario(scenario));",
              "err": {},
              "uuid": "886b70eb-a291-45fe-a522-658e3908a20a",
              "parentUUID": "8fd25b04-5544-4289-875a-2318e080db84",
              "isHook": false,
              "skipped": false
            },
            {
              "title": "Gorest User GET Request by ID (example #2)",
              "fullTitle": "Gorest User Get Requests Gorest User GET Request by ID (example #2)",
              "timedOut": null,
              "duration": 291,
              "state": "passed",
              "speed": "fast",
              "pass": true,
              "fail": false,
              "pending": false,
              "context": null,
              "code": "const state = window.testState;\nreturn cy\n  .then(() => state.onStartScenario(scenario, indexedSteps))\n  .then(() =>\n    resolveAndRunBeforeHooks.call(this, scenario.tags, state.feature.name)\n  )\n  .then(() =>\n    indexedSteps.forEach((step) =>\n      stepTest.call(this, state, step, rowData)\n    )\n  )\n  .then(() => state.onFinishScenario(scenario));",
              "err": {},
              "uuid": "ff1ed7c8-bcc8-4897-87f5-6e26147a358c",
              "parentUUID": "8fd25b04-5544-4289-875a-2318e080db84",
              "isHook": false,
              "skipped": false
            },
            {
              "title": "Gorest User GET Request by ID (example #3)",
              "fullTitle": "Gorest User Get Requests Gorest User GET Request by ID (example #3)",
              "timedOut": null,
              "duration": 291,
              "state": "passed",
              "speed": "fast",
              "pass": true,
              "fail": false,
              "pending": false,
              "context": null,
              "code": "const state = window.testState;\nreturn cy\n  .then(() => state.onStartScenario(scenario, indexedSteps))\n  .then(() =>\n    resolveAndRunBeforeHooks.call(this, scenario.tags, state.feature.name)\n  )\n  .then(() =>\n    indexedSteps.forEach((step) =>\n      stepTest.call(this, state, step, rowData)\n    )\n  )\n  .then(() => state.onFinishScenario(scenario));",
              "err": {},
              "uuid": "3d644fde-0d8a-4f00-8018-dff98dab74cd",
              "parentUUID": "8fd25b04-5544-4289-875a-2318e080db84",
              "isHook": false,
              "skipped": false
            },
            {
              "title": "Gorest User GET Request by ID and name (example #1)",
              "fullTitle": "Gorest User Get Requests Gorest User GET Request by ID and name (example #1)",
              "timedOut": null,
              "duration": 301,
              "state": "passed",
              "speed": "fast",
              "pass": true,
              "fail": false,
              "pending": false,
              "context": null,
              "code": "const state = window.testState;\nreturn cy\n  .then(() => state.onStartScenario(scenario, indexedSteps))\n  .then(() =>\n    resolveAndRunBeforeHooks.call(this, scenario.tags, state.feature.name)\n  )\n  .then(() =>\n    indexedSteps.forEach((step) =>\n      stepTest.call(this, state, step, rowData)\n    )\n  )\n  .then(() => state.onFinishScenario(scenario));",
              "err": {},
              "uuid": "9c11af2f-b065-49b9-aed3-3800d9dd9b58",
              "parentUUID": "8fd25b04-5544-4289-875a-2318e080db84",
              "isHook": false,
              "skipped": false
            }
          ],
          "suites": [],
          "passes": [
            "b6142a36-69e2-47b3-8e27-7df47e981600",
            "886b70eb-a291-45fe-a522-658e3908a20a",
            "ff1ed7c8-bcc8-4897-87f5-6e26147a358c",
            "3d644fde-0d8a-4f00-8018-dff98dab74cd",
            "9c11af2f-b065-49b9-aed3-3800d9dd9b58"
          ],
          "failures": [],
          "pending": [],
          "skipped": [],
          "duration": 2266,
          "root": false,
          "rootEmpty": false,
          "_timeout": 2000
        }
      ],
      "passes": [],
      "failures": [],
      "pending": [],
      "skipped": [],
      "duration": 0,
      "root": true,
      "rootEmpty": true,
      "_timeout": 2000
    }
  ],
  "meta": {
    "mocha": {
      "version": "7.0.1"
    },
    "mochawesome": {
      "options": {
        "quiet": false,
        "reportFilename": "[status]_[datetime]-[name]-report",
        "saveHtml": true,
        "saveJson": true,
        "consoleReporter": "spec",
        "useInlineDiffs": false,
        "code": true
      },
      "version": "7.1.3"
    },
    "marge": {
      "options": {
        "reportDir": "cypress/reports",
        "reportFilename": "[status]_[datetime]-[name]-report",
        "overwrite": true,
        "saveJson": true,
        "timestamp": "longDate"
      },
      "version": "6.2.0"
    }
  }
}